<?xml version="1.0" encoding="UTF-8"?>
<!-- Generated by org.testng.reporters.JUnitXMLReporter -->
<testsuite ignored="0" hostname="DESKTOP-0NHKIKH" failures="0" tests="1" name="MultipleBrowser" time="0.103" errors="0" timestamp="2021-07-30T23:13:38 COT">
  <testcase classname="test.Test1_Example" name="@BeforeTest setUpDriver" time="0.029">
    <failure type="java.lang.NullPointerException">
      <![CDATA[java.lang.NullPointerException
at test.Test1_Example.setUpDriver(Test1_Example.java:31)
... Removed 24 stack frames]]>
    </failure>
  </testcase> <!-- @BeforeTest setUpDriver -->
  <testcase classname="test.Test1_Example" name="@AfterTest destroidTest" time="-1.627704818337E9">
    <skipped/>
  </testcase> <!-- @AfterTest destroidTest -->
  <testcase classname="test.Test1_Example" name="enterLogin" time="0.0">
    <skipped/>
  </testcase> <!-- enterLogin -->
</testsuite> <!-- MultipleBrowser -->
