<?xml version="1.0" encoding="UTF-8"?>
<!-- Generated by org.testng.reporters.JUnitXMLReporter -->
<testsuite ignored="0" hostname="DESKTOP-0NHKIKH" failures="0" tests="5" name="Test1" time="10.369" errors="0" timestamp="2021-07-31T18:46:03 COT">
  <testcase classname="test.LoginTests" name="fillTheBlanks" time="2.387"/>
  <testcase classname="test.LoginTests" name="loginUserInvalidAndPassValid" time="0.766"/>
  <testcase classname="test.LoginTests" name="loginUserValidAndPassInvalid" time="0.68"/>
  <testcase classname="test.LoginTests" name="loginUserValidAndPassValid" time="0.899"/>
  <testcase classname="test.LoginTests" name="searchNewFlight" time="1.791"/>
</testsuite> <!-- Test1 -->
