<?xml version="1.0" encoding="UTF-8"?>
<!-- Generated by org.testng.reporters.JUnitXMLReporter -->
<testsuite ignored="0" hostname="DESKTOP-0NHKIKH" failures="0" tests="5" name="Test2" time="11.013" errors="0" timestamp="2021-07-31T18:46:04 COT">
  <testcase classname="test.LoginTests" name="fillTheBlanks" time="2.965"/>
  <testcase classname="test.LoginTests" name="loginUserInvalidAndPassValid" time="0.808"/>
  <testcase classname="test.LoginTests" name="loginUserValidAndPassInvalid" time="0.69"/>
  <testcase classname="test.LoginTests" name="loginUserValidAndPassValid" time="1.037"/>
  <testcase classname="test.LoginTests" name="searchNewFlight" time="1.661"/>
</testsuite> <!-- Test2 -->
